2023-04-13 17:35:45 - Neovide panicked with the message 'Could not setup setting notifier for cursor_unfocused_outline_width: Error sending request 'nvim_command''. (File: src\error_handling.rs; Line: 5, Column: 5)
   0: <unknown>
   1: <unknown>
   2: <unknown>
   3: <unknown>
   4: <unknown>
   5: <unknown>
   6: <unknown>
   7: <unknown>
   8: <unknown>
   9: <unknown>
  10: <unknown>
  11: <unknown>
  12: <unknown>
  13: <unknown>
  14: <unknown>
  15: BaseThreadInitThunk
  16: RtlUserThreadStart

2023-04-13 17:35:45 - Neovide panicked with the message 'called `Result::unwrap()` on an `Err` value: SendError(Serial(Keyboard("<CR>")))'. (File: src\event_aggregator.rs; Line: 55, Column: 28)
   0: <unknown>
   1: <unknown>
   2: <unknown>
   3: <unknown>
   4: <unknown>
   5: <unknown>
   6: <unknown>
   7: <unknown>
   8: <unknown>
   9: <unknown>
  10: <unknown>
  11: <unknown>
  12: <unknown>
  13: <unknown>
  14: DefSubclassProc
  15: DefSubclassProc
  16: CallWindowProcW
  17: DispatchMessageW
  18: SendMessageTimeoutW
  19: KiUserCallbackDispatcher
  20: NtUserDispatchMessage
  21: DispatchMessageW
  22: <unknown>
  23: <unknown>
  24: <unknown>
  25: <unknown>
  26: <unknown>
  27: <unknown>
  28: <unknown>
  29: BaseThreadInitThunk
  30: RtlUserThreadStart

